DP Black Star Promos
POP Series 6
POP Series 7
POP Series 8
POP Series 9
Pokémon Rumble
HGSS Black Star Promos
HS—Unleashed
HS—Undaunted
HS—Triumphant
BW Black Star Promos
McDonald's Collection 2011
McDonald's Collection 2012
XY Black Star Promos
McDonald's Collection 2014
McDonald's Collection 2015
McDonald's Collection 2016
SM Black Star Promos
McDonald's Collection 2017
McDonald's Collection 2018
Hidden Fates Shiny Vault
McDonald's Collection 2019
SWSH Black Star Promos
Pokémon Futsal Collection
Shining Fates Shiny Vault
McDonald's Collection 2021
Celebrations: Classic Collection
Brilliant Stars Trainer Gallery
Astral Radiance Trainer Gallery
McDonald's Collection 2022
Lost Origin Trainer Gallery
Silver Tempest Trainer Gallery
Crown Zenith Galarian Gallery
Scarlet & Violet Black Star Promos
Scarlet & Violet Energies
151
Surging Sparks
Prismatic Evolutions
Journey Together
Destined Rivals
Black Bolt
White Flare
